grpc implementation: @grpc/grpc-js
{"host":"k8s-control-1","level":"info","message":"initializing csi driver: zfs-generic-iscsi","service":"democratic-csi","timestamp":"2024-11-01T23:40:30.213Z"}
{"host":"k8s-control-1","level":"info","message":"starting csi server - node version: v20.11.1, package version: 1.9.0, config file: /config/..2024_11_01_23_40_28.107179322/driver-config-file.yaml, csi-name: org.democratic-csi.iscsi, csi-driver: zfs-generic-iscsi, csi-mode: node, csi-version: 1.5.0, address: , socket: unix:///csi-data/csi.sock.internal","service":"democratic-csi","timestamp":"2024-11-01T23:40:30.896Z"}
(node:72621) DeprecationWarning: Calling start() is no longer necessary. It can be safely omitted.
(Use `node --trace-deprecation ...` to show where the warning was created)
{"host":"k8s-control-1","level":"info","message":"new request - driver: ControllerZfsGenericDriver method: GetPluginInfo call: {\"path\":\"/csi.v1.Identity/GetPluginInfo\",\"metadata\":{},\"request\":{},\"pendingStatus\":{\"code\":0,\"details\":\"OK\"},\"cancelled\":false,\"trailingMetadata\":{}}","service":"democratic-csi","timestamp":"2024-11-01T23:40:32.139Z"}
{"host":"k8s-control-1","level":"info","message":"new response - driver: ControllerZfsGenericDriver method: GetPluginInfo response: {\"name\":\"org.democratic-csi.iscsi\",\"vendor_version\":\"1.9.0\"}","service":"democratic-csi","timestamp":"2024-11-01T23:40:32.140Z"}
{"host":"k8s-control-1","level":"info","message":"new request - driver: ControllerZfsGenericDriver method: NodeGetInfo call: {\"path\":\"/csi.v1.Node/NodeGetInfo\",\"metadata\":{},\"request\":{},\"pendingStatus\":{\"code\":0,\"details\":\"OK\"},\"cancelled\":false,\"trailingMetadata\":{}}","service":"democratic-csi","timestamp":"2024-11-01T23:40:32.588Z"}
{"host":"k8s-control-1","level":"info","message":"new response - driver: ControllerZfsGenericDriver method: NodeGetInfo response: {\"node_id\":\"k8s-control-1\",\"max_volumes_per_node\":0}","service":"democratic-csi","timestamp":"2024-11-01T23:40:32.588Z"}
{"host":"k8s-control-1","level":"info","message":"new request - driver: ControllerZfsGenericDriver method: Probe call: {\"path\":\"/csi.v1.Identity/Probe\",\"metadata\":{},\"request\":{},\"pendingStatus\":{\"code\":0,\"details\":\"OK\"},\"cancelled\":false,\"trailingMetadata\":{}}","service":"democratic-csi","timestamp":"2024-11-01T23:41:29.352Z"}
{"host":"k8s-control-1","level":"info","message":"new response - driver: ControllerZfsGenericDriver method: Probe response: {\"ready\":{\"value\":true}}","service":"democratic-csi","timestamp":"2024-11-01T23:41:29.352Z"}
{"host":"k8s-control-1","level":"info","message":"new request - driver: ControllerZfsGenericDriver method: Probe call: {\"path\":\"/csi.v1.Identity/Probe\",\"metadata\":{},\"request\":{},\"pendingStatus\":{\"code\":0,\"details\":\"OK\"},\"cancelled\":false,\"trailingMetadata\":{}}","service":"democratic-csi","timestamp":"2024-11-01T23:42:29.378Z"}
{"host":"k8s-control-1","level":"info","message":"new response - driver: ControllerZfsGenericDriver method: Probe response: {\"ready\":{\"value\":true}}","service":"democratic-csi","timestamp":"2024-11-01T23:42:29.379Z"}
{"host":"k8s-control-1","level":"info","message":"new request - driver: ControllerZfsGenericDriver method: Probe call: {\"path\":\"/csi.v1.Identity/Probe\",\"metadata\":{},\"request\":{},\"pendingStatus\":{\"code\":0,\"details\":\"OK\"},\"cancelled\":false,\"trailingMetadata\":{}}","service":"democratic-csi","timestamp":"2024-11-01T23:43:29.360Z"}
{"host":"k8s-control-1","level":"info","message":"new response - driver: ControllerZfsGenericDriver method: Probe response: {\"ready\":{\"value\":true}}","service":"democratic-csi","timestamp":"2024-11-01T23:43:29.360Z"}
{"host":"k8s-control-1","level":"info","message":"new request - driver: ControllerZfsGenericDriver method: Probe call: {\"path\":\"/csi.v1.Identity/Probe\",\"metadata\":{},\"request\":{},\"pendingStatus\":{\"code\":0,\"details\":\"OK\"},\"cancelled\":false,\"trailingMetadata\":{}}","service":"democratic-csi","timestamp":"2024-11-01T23:44:29.350Z"}
{"host":"k8s-control-1","level":"info","message":"new response - driver: ControllerZfsGenericDriver method: Probe response: {\"ready\":{\"value\":true}}","service":"democratic-csi","timestamp":"2024-11-01T23:44:29.350Z"}
{"host":"k8s-control-1","level":"info","message":"new request - driver: ControllerZfsGenericDriver method: Probe call: {\"path\":\"/csi.v1.Identity/Probe\",\"metadata\":{},\"request\":{},\"pendingStatus\":{\"code\":0,\"details\":\"OK\"},\"cancelled\":false,\"trailingMetadata\":{}}","service":"democratic-csi","timestamp":"2024-11-01T23:45:29.357Z"}
{"host":"k8s-control-1","level":"info","message":"new response - driver: ControllerZfsGenericDriver method: Probe response: {\"ready\":{\"value\":true}}","service":"democratic-csi","timestamp":"2024-11-01T23:45:29.358Z"}
{"host":"k8s-control-1","level":"info","message":"new request - driver: ControllerZfsGenericDriver method: Probe call: {\"path\":\"/csi.v1.Identity/Probe\",\"metadata\":{},\"request\":{},\"pendingStatus\":{\"code\":0,\"details\":\"OK\"},\"cancelled\":false,\"trailingMetadata\":{}}","service":"democratic-csi","timestamp":"2024-11-01T23:46:29.359Z"}
{"host":"k8s-control-1","level":"info","message":"new response - driver: ControllerZfsGenericDriver method: Probe response: {\"ready\":{\"value\":true}}","service":"democratic-csi","timestamp":"2024-11-01T23:46:29.360Z"}
{"host":"k8s-control-1","level":"info","message":"new request - driver: ControllerZfsGenericDriver method: Probe call: {\"path\":\"/csi.v1.Identity/Probe\",\"metadata\":{},\"request\":{},\"pendingStatus\":{\"code\":0,\"details\":\"OK\"},\"cancelled\":false,\"trailingMetadata\":{}}","service":"democratic-csi","timestamp":"2024-11-01T23:47:29.340Z"}
{"host":"k8s-control-1","level":"info","message":"new response - driver: ControllerZfsGenericDriver method: Probe response: {\"ready\":{\"value\":true}}","service":"democratic-csi","timestamp":"2024-11-01T23:47:29.341Z"}
{"host":"k8s-control-1","level":"info","message":"new request - driver: ControllerZfsGenericDriver method: Probe call: {\"path\":\"/csi.v1.Identity/Probe\",\"metadata\":{},\"request\":{},\"pendingStatus\":{\"code\":0,\"details\":\"OK\"},\"cancelled\":false,\"trailingMetadata\":{}}","service":"democratic-csi","timestamp":"2024-11-01T23:48:29.347Z"}
{"host":"k8s-control-1","level":"info","message":"new response - driver: ControllerZfsGenericDriver method: Probe response: {\"ready\":{\"value\":true}}","service":"democratic-csi","timestamp":"2024-11-01T23:48:29.347Z"}
